{"D:\\myJS\\appWords\\irregularverbsactionapi\\src\\App.vue": {"path":"D:\\myJS\\appWords\\irregularverbsactionapi\\src\\App.vue","statementMap":{"0":{"start":{"line":12,"column":15},"end":{"line":12,"column":null}}},"fnMap":{},"branchMap":{},"s":{"0":1},"f":{},"b":{}}
,"D:\\myJS\\appWords\\irregularverbsactionapi\\src\\components\\formVerbsCheck.vue": {"path":"D:\\myJS\\appWords\\irregularverbsactionapi\\src\\components\\formVerbsCheck.vue","statementMap":{"0":{"start":{"line":50,"column":15},"end":{"line":50,"column":null}},"1":{"start":{"line":58,"column":4},"end":{"line":58,"column":11}},"2":{"start":{"line":71,"column":6},"end":{"line":72,"column":16}},"3":{"start":{"line":71,"column":31},"end":{"line":71,"column":36}},"4":{"start":{"line":72,"column":11},"end":{"line":72,"column":16}},"5":{"start":{"line":74,"column":6},"end":{"line":74,"column":11}},"6":{"start":{"line":78,"column":6},"end":{"line":79,"column":16}},"7":{"start":{"line":78,"column":31},"end":{"line":78,"column":36}},"8":{"start":{"line":79,"column":11},"end":{"line":79,"column":16}},"9":{"start":{"line":83,"column":6},"end":{"line":84,"column":16}},"10":{"start":{"line":83,"column":30},"end":{"line":83,"column":35}},"11":{"start":{"line":84,"column":11},"end":{"line":84,"column":16}},"12":{"start":{"line":89,"column":6},"end":{"line":89,"column":11}},"13":{"start":{"line":90,"column":6},"end":{"line":90,"column":11}},"14":{"start":{"line":91,"column":6},"end":{"line":91,"column":11}},"15":{"start":{"line":92,"column":6},"end":{"line":92,"column":11}},"16":{"start":{"line":93,"column":6},"end":{"line":93,"column":11}}},"fnMap":{"0":{"name":"(anonymous_0)","decl":{"start":{"line":57,"column":2},"end":{"line":57,"column":6}},"loc":{"start":{"line":57,"column":8},"end":{"line":67,"column":null}}},"1":{"name":"(anonymous_1)","decl":{"start":{"line":70,"column":4},"end":{"line":70,"column":18}},"loc":{"start":{"line":70,"column":37},"end":{"line":75,"column":null}}},"2":{"name":"(anonymous_2)","decl":{"start":{"line":77,"column":4},"end":{"line":77,"column":19}},"loc":{"start":{"line":77,"column":38},"end":{"line":80,"column":null}}},"3":{"name":"(anonymous_3)","decl":{"start":{"line":82,"column":5},"end":{"line":82,"column":26}},"loc":{"start":{"line":82,"column":45},"end":{"line":86,"column":null}}},"4":{"name":"(anonymous_4)","decl":{"start":{"line":88,"column":4},"end":{"line":88,"column":9}},"loc":{"start":{"line":88,"column":11},"end":{"line":94,"column":null}}}},"branchMap":{"0":{"loc":{"start":{"line":71,"column":6},"end":{"line":72,"column":16}},"type":"if","locations":[{"start":{"line":71,"column":6},"end":{"line":72,"column":16}},{"start":{"line":72,"column":11},"end":{"line":72,"column":16}}]},"1":{"loc":{"start":{"line":78,"column":6},"end":{"line":79,"column":16}},"type":"if","locations":[{"start":{"line":78,"column":6},"end":{"line":79,"column":16}},{"start":{"line":79,"column":11},"end":{"line":79,"column":16}}]},"2":{"loc":{"start":{"line":83,"column":6},"end":{"line":84,"column":16}},"type":"if","locations":[{"start":{"line":83,"column":6},"end":{"line":84,"column":16}},{"start":{"line":84,"column":11},"end":{"line":84,"column":16}}]}},"s":{"0":3,"1":3,"2":0,"3":0,"4":0,"5":0,"6":0,"7":0,"8":0,"9":0,"10":0,"11":0,"12":0,"13":0,"14":0,"15":0,"16":0},"f":{"0":3,"1":0,"2":0,"3":0,"4":0},"b":{"0":[0,0],"1":[0,0],"2":[0,0]}}
,"D:\\myJS\\appWords\\irregularverbsactionapi\\src\\components\\numPoints.vue": {"path":"D:\\myJS\\appWords\\irregularverbsactionapi\\src\\components\\numPoints.vue","statementMap":{"0":{"start":{"line":9,"column":15},"end":{"line":9,"column":null}},"1":{"start":{"line":15,"column":4},"end":{"line":15,"column":11}}},"fnMap":{"0":{"name":"(anonymous_0)","decl":{"start":{"line":14,"column":2},"end":{"line":14,"column":6}},"loc":{"start":{"line":14,"column":9},"end":{"line":18,"column":null}}}},"branchMap":{},"s":{"0":2,"1":2},"f":{"0":2},"b":{}}
,"D:\\myJS\\appWords\\irregularverbsactionapi\\src\\components\\rendomVerb.vue": {"path":"D:\\myJS\\appWords\\irregularverbsactionapi\\src\\components\\rendomVerb.vue","statementMap":{"0":{"start":{"line":21,"column":15},"end":{"line":21,"column":null}},"1":{"start":{"line":28,"column":4},"end":{"line":28,"column":11}},"2":{"start":{"line":41,"column":7},"end":{"line":41,"column":12}}},"fnMap":{"0":{"name":"(anonymous_0)","decl":{"start":{"line":27,"column":2},"end":{"line":27,"column":6}},"loc":{"start":{"line":27,"column":9},"end":{"line":36,"column":null}}},"1":{"name":"(anonymous_1)","decl":{"start":{"line":40,"column":4},"end":{"line":40,"column":22}},"loc":{"start":{"line":40,"column":25},"end":{"line":43,"column":null}}}},"branchMap":{},"s":{"0":2,"1":2,"2":0},"f":{"0":2,"1":0},"b":{}}
}
